# JRE version: OpenJDK Runtime Environment Temurin-21.0.7+6 (21.0.7+6) (build 21.0.7+6-LTS)
# Java VM: OpenJDK 64-Bit Server VM Temurin-21.0.7+6 (21.0.7+6-LTS, mixed mode, tiered, compressed oops, compressed class ptrs, g1 gc, linux-amd64)
GC Precious Log:
 CardTable entry size: 512
 Card Set container configuration: InlinePtr #cards 4 size 8 Array Of Cards #cards 16 size 48 Howl #buckets 8 coarsen threshold 3686 Howl Bitmap #cards 512 size 80 coarsen threshold 460 Card regions per heap region 1 cards per card region 4096
 CPUs: 12 total, 12 available
 Memory: 15913M
 Large Page Support: Disabled
 NUMA Support: Disabled
 Compressed Oops: Enabled (Zero based)
 Heap Region Size: 2M
 Heap Min Capacity: 8M
 Heap Initial Capacity: 250M
 Heap Max Capacity: 3980M
 Pre-touch: Disabled
 Parallel Workers: 10
 Concurrent Workers: 3
 Concurrent Refinement Workers: 10
 Periodic GC: Disabled
 String Deduplication is enabled
Heap:
 garbage-first heap   total 284672K, used 242061K [0x00000006c7400000, 0x00000007c0000000)
  region size 2048K, 57 young (116736K), 5 survivors (10240K)
 Metaspace       used 137695K, committed 140928K, reserved 1179648K
  class space    used 15690K, committed 17024K, reserved 1048576K
GC Heap History (20 events):
Event: 7,845 GC heap before
{Heap before GC invocations=14 (full 0):
 garbage-first heap   total 172032K, used 141842K [0x00000006c7400000, 0x00000007c0000000)
  region size 2048K, 44 young (90112K), 2 survivors (4096K)
 Metaspace       used 73858K, committed 75968K, reserved 1179648K
  class space    used 8036K, committed 8832K, reserved 1048576K
}
Event: 7,849 GC heap after
{Heap after GC invocations=15 (full 0):
 garbage-first heap   total 172032K, used 64880K [0x00000006c7400000, 0x00000007c0000000)
  region size 2048K, 6 young (12288K), 6 survivors (12288K)
 Metaspace       used 73858K, committed 75968K, reserved 1179648K
  class space    used 8036K, committed 8832K, reserved 1048576K
}
Event: 8,852 GC heap before
{Heap before GC invocations=15 (full 0):
 garbage-first heap   total 172032K, used 142704K [0x00000006c7400000, 0x00000007c0000000)
  region size 2048K, 45 young (92160K), 6 survivors (12288K)
 Metaspace       used 80021K, committed 82240K, reserved 1179648K
  class space    used 8616K, committed 9472K, reserved 1048576K
}
Event: 8,860 GC heap after
{Heap after GC invocations=16 (full 0):
 garbage-first heap   total 172032K, used 69047K [0x00000006c7400000, 0x00000007c0000000)
  region size 2048K, 4 young (8192K), 4 survivors (8192K)
 Metaspace       used 80021K, committed 82240K, reserved 1179648K
  class space    used 8616K, committed 9472K, reserved 1048576K
}
Event: 9,827 GC heap before
{Heap before GC invocations=16 (full 0):
 garbage-first heap   total 172032K, used 144823K [0x00000006c7400000, 0x00000007c0000000)
  region size 2048K, 42 young (86016K), 4 survivors (8192K)
 Metaspace       used 89128K, committed 91456K, reserved 1179648K
  class space    used 9824K, committed 10752K, reserved 1048576K
}
Event: 9,833 GC heap after
{Heap after GC invocations=17 (full 0):
 garbage-first heap   total 172032K, used 76103K [0x00000006c7400000, 0x00000007c0000000)
  region size 2048K, 4 young (8192K), 4 survivors (8192K)
 Metaspace       used 89128K, committed 91456K, reserved 1179648K
  class space    used 9824K, committed 10752K, reserved 1048576K
}
Event: 10,555 GC heap before
{Heap before GC invocations=17 (full 0):
 garbage-first heap   total 172032K, used 147783K [0x00000006c7400000, 0x00000007c0000000)
  region size 2048K, 39 young (79872K), 4 survivors (8192K)
 Metaspace       used 91321K, committed 93824K, reserved 1179648K
  class space    used 10116K, committed 11136K, reserved 1048576K
}
Event: 10,560 GC heap after
{Heap after GC invocations=18 (full 0):
 garbage-first heap   total 172032K, used 78818K [0x00000006c7400000, 0x00000007c0000000)
  region size 2048K, 2 young (4096K), 2 survivors (4096K)
 Metaspace       used 91321K, committed 93824K, reserved 1179648K
  class space    used 10116K, committed 11136K, reserved 1048576K
}
Event: 10,983 GC heap before
{Heap before GC invocations=19 (full 0):
 garbage-first heap   total 172032K, used 150498K [0x00000006c7400000, 0x00000007c0000000)
  region size 2048K, 38 young (77824K), 2 survivors (4096K)
 Metaspace       used 104175K, committed 106816K, reserved 1179648K
  class space    used 11711K, committed 12736K, reserved 1048576K
}
Event: 10,988 GC heap after
{Heap after GC invocations=20 (full 0):
 garbage-first heap   total 172032K, used 84521K [0x00000006c7400000, 0x00000007c0000000)
  region size 2048K, 5 young (10240K), 5 survivors (10240K)
 Metaspace       used 104175K, committed 106816K, reserved 1179648K
  class space    used 11711K, committed 12736K, reserved 1048576K
}
Event: 11,689 GC heap before
{Heap before GC invocations=20 (full 0):
 garbage-first heap   total 172032K, used 148009K [0x00000006c7400000, 0x00000007c0000000)
  region size 2048K, 37 young (75776K), 5 survivors (10240K)
 Metaspace       used 118136K, committed 120832K, reserved 1179648K
  class space    used 13503K, committed 14656K, reserved 1048576K
}
Event: 11,701 GC heap after
{Heap after GC invocations=21 (full 0):
 garbage-first heap   total 174080K, used 84193K [0x00000006c7400000, 0x00000007c0000000)
  region size 2048K, 4 young (8192K), 4 survivors (8192K)
 Metaspace       used 118136K, committed 120832K, reserved 1179648K
  class space    used 13503K, committed 14656K, reserved 1048576K
}
Event: 11,867 GC heap before
{Heap before GC invocations=21 (full 0):
 garbage-first heap   total 174080K, used 153825K [0x00000006c7400000, 0x00000007c0000000)
  region size 2048K, 38 young (77824K), 4 survivors (8192K)
 Metaspace       used 118984K, committed 121728K, reserved 1179648K
  class space    used 13596K, committed 14720K, reserved 1048576K
}
Event: 11,874 GC heap after
{Heap after GC invocations=22 (full 0):
 garbage-first heap   total 174080K, used 91165K [0x00000006c7400000, 0x00000007c0000000)
  region size 2048K, 4 young (8192K), 4 survivors (8192K)
 Metaspace       used 118984K, committed 121728K, reserved 1179648K
  class space    used 13596K, committed 14720K, reserved 1048576K
}
Event: 11,982 GC heap before
{Heap before GC invocations=23 (full 0):
 garbage-first heap   total 174080K, used 154653K [0x00000006c7400000, 0x00000007c0000000)
  region size 2048K, 35 young (71680K), 4 survivors (8192K)
 Metaspace       used 119014K, committed 121792K, reserved 1179648K
  class space    used 13596K, committed 14720K, reserved 1048576K
}
Event: 11,989 GC heap after
{Heap after GC invocations=24 (full 0):
 garbage-first heap   total 174080K, used 97121K [0x00000006c7400000, 0x00000007c0000000)
  region size 2048K, 3 young (6144K), 3 survivors (6144K)
 Metaspace       used 119014K, committed 121792K, reserved 1179648K
  class space    used 13596K, committed 14720K, reserved 1048576K
}
Event: 12,758 GC heap before
{Heap before GC invocations=24 (full 0):
 garbage-first heap   total 174080K, used 156513K [0x00000006c7400000, 0x00000007c0000000)
  region size 2048K, 32 young (65536K), 3 survivors (6144K)
 Metaspace       used 127078K, committed 129920K, reserved 1179648K
  class space    used 14423K, committed 15552K, reserved 1048576K
}
Event: 12,767 GC heap after
{Heap after GC invocations=25 (full 0):
 garbage-first heap   total 284672K, used 98845K [0x00000006c7400000, 0x00000007c0000000)
  region size 2048K, 3 young (6144K), 3 survivors (6144K)
 Metaspace       used 127078K, committed 129920K, reserved 1179648K
  class space    used 14423K, committed 15552K, reserved 1048576K
}
Event: 17,064 GC heap before
{Heap before GC invocations=25 (full 0):
 garbage-first heap   total 284672K, used 129565K [0x00000006c7400000, 0x00000007c0000000)
  region size 2048K, 20 young (40960K), 3 survivors (6144K)
 Metaspace       used 132961K, committed 135872K, reserved 1179648K
  class space    used 15164K, committed 16384K, reserved 1048576K
}
Event: 17,079 GC heap after
{Heap after GC invocations=26 (full 0):
 garbage-first heap   total 284672K, used 102797K [0x00000006c7400000, 0x00000007c0000000)
  region size 2048K, 5 young (10240K), 5 survivors (10240K)
 Metaspace       used 132961K, committed 135872K, reserved 1179648K
  class space    used 15164K, committed 16384K, reserved 1048576K
}

